2025-11-06 21:04:35 [ERROR] Not enough disk space! Available: MB, Required: 100MB
2025-11-06 21:05:00 [ERROR] Not enough disk space! Available: MB, Required: 100MB
2025-11-06 21:09:58 [ERROR] Not enough disk space! Available: MB, Required: 100MB
2025-11-06 21:11:39 [INFO] [DRY-RUN] Would create /c/Users/user/backup-bash-project/Backups/backup-2025-11-06-2111.tar.gz from /path/to/source-folder
2025-11-06 21:11:39 [INFO] Rotating backups...
2025-11-06 21:11:39 [INFO] Backup operation complete.
2025-11-06 21:13:05 [INFO] Creating backup: /c/Users/user/backup-bash-project/Backups/backup-2025-11-06-2113.tar.gz
2025-11-06 21:13:06 [INFO] Backup created: /c/Users/user/backup-bash-project/Backups/backup-2025-11-06-2113.tar.gz
2025-11-06 21:13:06 [INFO] Rotating backups...
2025-11-06 21:13:07 [INFO] Backup operation complete.
2025-11-06 21:18:02 [INFO] Restoring Backups/backup-2025-11-06-2113.tar.gz to restored
2025-11-06 21:18:44 [INFO] Restoring backup-2025-11-06-2113.tar.gz to restored
2025-11-06 21:18:44 [INFO] Restore completed
2025-11-06 21:18:44 [INFO] Backup operation complete.
2025-11-06 21:19:43 [INFO] Restoring backup-2025-11-06-2113.tar.gz to restored
2025-11-06 21:19:43 [INFO] Restore completed
2025-11-06 21:19:43 [INFO] Backup operation complete.
2025-11-06 21:20:54 [INFO] Creating backup: /c/Users/user/backup-bash-project/Backups/backup-2025-11-06-2120.tar.gz
2025-11-06 21:20:55 [INFO] Backup created: /c/Users/user/backup-bash-project/Backups/backup-2025-11-06-2120.tar.gz
2025-11-06 21:20:55 [INFO] Rotating backups...
2025-11-06 21:20:56 [INFO] Backup operation complete.
